2020-12-14 00:44:13,240  INFO - HHH000204: Processing PersistenceUnitInfo [name: step09_JPAProject]
2020-12-14 00:44:13,339  INFO - HHH000412: Hibernate Core {5.4.2.Final}
2020-12-14 00:44:13,542  INFO - HCANN000001: Hibernate Commons Annotations {5.1.0.Final}
2020-12-14 00:44:14,263  WARN - HHH10001002: Using Hibernate built-in connection pool (not for production use!)
2020-12-14 00:44:14,347  INFO - HHH10001005: using driver [oracle.jdbc.OracleDriver] at URL [jdbc:oracle:thin:@127.0.0.1:1521:xe]
2020-12-14 00:44:14,347  INFO - HHH10001001: Connection properties: {user=SCOTT, password=****}
2020-12-14 00:44:14,348  INFO - HHH10001003: Autocommit mode: false
2020-12-14 00:44:14,352  INFO - HHH000115: Hibernate connection pool size: 20 (min=1)
2020-12-14 00:44:15,235  INFO - HHH000400: Using dialect: org.hibernate.dialect.OracleDialect
2020-12-14 00:44:15,240  WARN - HHH000063: The Oracle9Dialect dialect has been deprecated; use either Oracle9iDialect or Oracle10gDialect instead
2020-12-14 00:44:15,241  WARN - HHH000064: The OracleDialect dialect has been deprecated; use Oracle8iDialect instead
2020-12-14 00:44:16,304  INFO - HHH10001501: Connection obtained from JdbcConnectionAccess [org.hibernate.engine.jdbc.env.internal.JdbcEnvironmentInitiator$ConnectionProviderJdbcConnectionAccess@6e106680] for (non-JTA) DDL execution was not in auto-commit mode; the Connection 'local transaction' will be committed and the Connection will be set into auto-commit mode.
2020-12-14 00:44:16,365  INFO - HHH10001501: Connection obtained from JdbcConnectionAccess [org.hibernate.engine.jdbc.env.internal.JdbcEnvironmentInitiator$ConnectionProviderJdbcConnectionAccess@15bc339] for (non-JTA) DDL execution was not in auto-commit mode; the Connection 'local transaction' will be committed and the Connection will be set into auto-commit mode.
2020-12-14 00:44:16,421  INFO - HHH000490: Using JtaPlatform implementation: [org.hibernate.engine.transaction.jta.platform.internal.NoJtaPlatform]
2020-12-14 00:44:16,689  INFO - 관계자 - 화장품 성분파라벤추가
2020-12-14 00:44:16,689  INFO - 관계자 - 화장품 성분미네랄 오일추가
2020-12-14 00:44:16,690  INFO - 관계자 - 화장품 성분물추가
2020-12-14 00:44:16,690  INFO - 관계자 - 화장품 성분시어버터추가
2020-12-14 00:44:16,690  INFO - 관계자 - 화장품 성분모로칸오일추가
2020-12-14 00:44:16,693  INFO - 관계자 - 판매 상품퓨어 클렌징 오일추가
2020-12-14 00:44:16,693  INFO - 관계자 - 판매 상품데일리보습크림추가
2020-12-14 00:44:16,693  INFO - 관계자 - 판매 상품에센셜 마스크추가
2020-12-14 00:44:16,694  INFO - 관계자 - 판매 상품탱글수분크림추가
2020-12-14 00:44:16,694  INFO - 관계자 - 판매 상품아크네 수딩크림추가
2020-12-14 00:44:16,698  INFO - 관계자 - 판매 상품ATOZ 아토피추가
2020-12-14 00:44:16,698  INFO - 관계자 - 판매 상품올클리어 토너추가
2020-12-14 00:44:16,699  INFO - 관계자 - 판매 상품잡티OUT  세럼추가
2020-12-14 00:44:16,699  INFO - 관계자 - 판매 상품바이오 트리플 앰플추가
2020-12-14 00:44:16,699  INFO - 관계자 - 판매 상품딸기  세럼플러스추가
2020-12-14 00:44:16,915  INFO - 고객 - 성분 확인 :1번
2020-12-14 00:44:16,921  INFO - 고객 - 화장품 1번 조회
2020-12-14 00:44:16,924  INFO - 관계자 - 화장품1성분 추가
2020-12-14 00:44:16,927  INFO - 고객 - 성분 확인 :3번
2020-12-14 00:44:16,937  INFO - 고객 - 화장품 1번 조회
2020-12-14 00:44:16,937  INFO - 관계자 - 화장품1성분 추가
2020-12-14 00:44:16,940  INFO - 고객 - 성분 확인 :1번
2020-12-14 00:44:16,942  INFO - 고객 - 화장품 2번 조회
2020-12-14 00:44:16,943  INFO - 관계자 - 화장품2성분 추가
2020-12-14 00:44:16,945  INFO - 고객 - 성분 확인 :2번
2020-12-14 00:44:16,948  INFO - 고객 - 화장품 2번 조회
2020-12-14 00:44:16,948  INFO - 관계자 - 화장품2성분 추가
2020-12-14 00:44:16,951  INFO - 고객 - 성분 확인 :3번
2020-12-14 00:44:16,953  INFO - 고객 - 화장품 3번 조회
2020-12-14 00:44:16,954  INFO - 관계자 - 화장품3성분 추가
2020-12-14 00:44:16,957  INFO - 고객 - 성분 확인 :1번
2020-12-14 00:44:16,959  INFO - 고객 - 화장품 4번 조회
2020-12-14 00:44:16,959  INFO - 관계자 - 화장품4성분 추가
2020-12-14 00:44:16,962  INFO - 고객 - 성분 확인 :3번
2020-12-14 00:44:16,964  INFO - 고객 - 화장품 4번 조회
2020-12-14 00:44:16,964  INFO - 관계자 - 화장품4성분 추가
2020-12-14 00:44:16,966  INFO - 고객 - 성분 확인 :1번
2020-12-14 00:44:16,969  INFO - 고객 - 화장품 5번 조회
2020-12-14 00:44:16,969  INFO - 관계자 - 화장품5성분 추가
2020-12-14 00:44:16,972  INFO - 고객 - 성분 확인 :2번
2020-12-14 00:44:16,975  INFO - 고객 - 화장품 5번 조회
2020-12-14 00:44:16,975  INFO - 관계자 - 화장품5성분 추가
2020-12-14 00:44:16,978  INFO - 고객 - 성분 확인 :3번
2020-12-14 00:44:16,980  INFO - 고객 - 화장품 5번 조회
2020-12-14 00:44:16,980  INFO - 관계자 - 화장품5성분 추가
2020-12-14 00:44:16,983  INFO - 고객 - 성분 확인 :2번
2020-12-14 00:44:16,988  INFO - 고객 - 화장품 6번 조회
2020-12-14 00:44:16,988  INFO - 관계자 - 화장품6성분 추가
2020-12-14 00:44:16,993  INFO - 고객 - 성분 확인 :3번
2020-12-14 00:44:16,997  INFO - 고객 - 화장품 6번 조회
2020-12-14 00:44:16,997  INFO - 관계자 - 화장품6성분 추가
2020-12-14 00:44:17,011  INFO - 고객 - 성분 확인 :2번
2020-12-14 00:44:17,022  INFO - 고객 - 화장품 7번 조회
2020-12-14 00:44:17,022  INFO - 관계자 - 화장품7성분 추가
2020-12-14 00:44:17,024  INFO - 고객 - 성분 확인 :3번
2020-12-14 00:44:17,026  INFO - 고객 - 화장품 7번 조회
2020-12-14 00:44:17,026  INFO - 관계자 - 화장품7성분 추가
2020-12-14 00:44:17,029  INFO - 고객 - 성분 확인 :3번
2020-12-14 00:44:17,031  INFO - 고객 - 화장품 8번 조회
2020-12-14 00:44:17,031  INFO - 관계자 - 화장품8성분 추가
2020-12-14 00:44:17,033  INFO - 고객 - 성분 확인 :4번
2020-12-14 00:44:17,035  INFO - 고객 - 화장품 8번 조회
2020-12-14 00:44:17,035  INFO - 관계자 - 화장품8성분 추가
2020-12-14 00:44:17,038  INFO - 고객 - 성분 확인 :5번
2020-12-14 00:44:17,040  INFO - 고객 - 화장품 8번 조회
2020-12-14 00:44:17,040  INFO - 관계자 - 화장품8성분 추가
2020-12-14 00:44:17,042  INFO - 고객 - 성분 확인 :1번
2020-12-14 00:44:17,044  INFO - 고객 - 화장품 9번 조회
2020-12-14 00:44:17,044  INFO - 관계자 - 화장품9성분 추가
2020-12-14 00:44:17,048  INFO - 고객 - 성분 확인 :2번
2020-12-14 00:44:17,050  INFO - 고객 - 화장품 9번 조회
2020-12-14 00:44:17,051  INFO - 관계자 - 화장품9성분 추가
2020-12-14 00:44:17,053  INFO - 고객 - 성분 확인 :3번
2020-12-14 00:44:17,057  INFO - 고객 - 화장품 9번 조회
2020-12-14 00:44:17,057  INFO - 관계자 - 화장품9성분 추가
2020-12-14 00:44:17,060  INFO - 고객 - 성분 확인 :4번
2020-12-14 00:44:17,065  INFO - 고객 - 화장품 9번 조회
2020-12-14 00:44:17,066  INFO - 관계자 - 화장품9성분 추가
2020-12-14 00:44:17,074  INFO - 고객 - 성분 확인 :5번
2020-12-14 00:44:17,078  INFO - 고객 - 화장품 9번 조회
2020-12-14 00:44:17,079  INFO - 관계자 - 화장품9성분 추가
2020-12-14 00:44:17,084  INFO - 고객 - 성분 확인 :3번
2020-12-14 00:44:17,088  INFO - 고객 - 화장품 10번 조회
2020-12-14 00:44:17,089  INFO - 관계자 - 화장품10성분 추가
2020-12-14 00:44:17,091  INFO - 고객 - 성분 확인 :4번
2020-12-14 00:44:17,095  INFO - 고객 - 화장품 10번 조회
2020-12-14 00:44:17,095  INFO - 관계자 - 화장품10성분 추가
2020-12-14 00:44:17,100  INFO - 고객 - 성분 확인 :5번
2020-12-14 00:44:17,102  INFO - 고객 - 화장품 10번 조회
2020-12-14 00:44:17,102  INFO - 관계자 - 화장품10성분 추가
2020-12-14 00:44:17,111  INFO - 관계자  - 화장품0번 또는 성분1번 정보 조회
2020-12-14 00:44:17,204  INFO - 고객 - 화장품 성분 조회 :페놀
2020-12-14 00:44:17,205  INFO - 관계자 - 화장품 성분페놀추가
2020-12-14 00:44:17,209  INFO - 관계자  - 화장품0번 또는 성분1번 정보 조회
2020-12-14 00:44:17,215  INFO - 관계자 - 1의 성분1에서6로 변경
2020-12-14 00:44:17,222  INFO - 고객 - 화장품 성분 조회 :파라벤
2020-12-14 00:44:17,223  INFO - 관계자 - 성분1의 위험도 수정:3
2020-12-14 00:44:17,223  INFO - 관계자 - 성분5의 위험도 수정:1
2020-12-14 00:44:17,226  INFO - 관계자 - 성분 3삭제
2020-12-14 00:44:17,233  INFO - 고객 - 전체 화장품 리스트 조회
2020-12-14 00:44:17,233  INFO - 관계자 - 5의 상품명아크네 클리어 수딩 크림 1+1으로 변경
2020-12-14 00:44:17,233  INFO - 관계자 - 5의 상품용량260ml로 변경
2020-12-14 00:44:17,234  INFO - 관계자 - 판매 상품니베아 립밤 민트초코향추가
2020-12-14 00:44:17,290  INFO - 고객 - 성분 확인 :6번
2020-12-14 00:44:17,293  INFO - 고객 - 화장품 11번 조회
2020-12-14 00:44:17,293  INFO - 관계자 - 화장품11성분 추가
2020-12-14 00:44:17,296  INFO - 고객 - 성분 확인 :4번
2020-12-14 00:44:17,298  INFO - 고객 - 화장품 11번 조회
2020-12-14 00:44:17,298  INFO - 관계자 - 화장품11성분 추가
2020-12-14 00:44:17,301  INFO - 고객 - 전체 화장품 리스트 조회
2020-12-14 00:44:17,308  INFO - 고객 - 화장품 위험 성분 조회NO
2020-12-14 00:44:17,314  INFO - 고객 - 화장품퓨어 클렌징 오일검색
2020-12-14 00:44:17,322  INFO - 고객 - 5000미만 가격 조회
2020-12-14 00:44:17,326  INFO - 고객 - 전체 화장품 리스트 조회
2020-12-14 00:45:30,241  INFO - HHH000204: Processing PersistenceUnitInfo [name: step09_JPAProject]
2020-12-14 00:45:30,362  INFO - HHH000412: Hibernate Core {5.4.2.Final}
2020-12-14 00:45:30,560  INFO - HCANN000001: Hibernate Commons Annotations {5.1.0.Final}
2020-12-14 00:45:31,289  WARN - HHH10001002: Using Hibernate built-in connection pool (not for production use!)
2020-12-14 00:45:31,369  INFO - HHH10001005: using driver [oracle.jdbc.OracleDriver] at URL [jdbc:oracle:thin:@127.0.0.1:1521:xe]
2020-12-14 00:45:31,369  INFO - HHH10001001: Connection properties: {user=SCOTT, password=****}
2020-12-14 00:45:31,369  INFO - HHH10001003: Autocommit mode: false
2020-12-14 00:45:31,373  INFO - HHH000115: Hibernate connection pool size: 20 (min=1)
2020-12-14 00:45:32,268  INFO - HHH000400: Using dialect: org.hibernate.dialect.OracleDialect
2020-12-14 00:45:32,273  WARN - HHH000063: The Oracle9Dialect dialect has been deprecated; use either Oracle9iDialect or Oracle10gDialect instead
2020-12-14 00:45:32,274  WARN - HHH000064: The OracleDialect dialect has been deprecated; use Oracle8iDialect instead
2020-12-14 00:45:33,454  INFO - HHH10001501: Connection obtained from JdbcConnectionAccess [org.hibernate.engine.jdbc.env.internal.JdbcEnvironmentInitiator$ConnectionProviderJdbcConnectionAccess@6e106680] for (non-JTA) DDL execution was not in auto-commit mode; the Connection 'local transaction' will be committed and the Connection will be set into auto-commit mode.
2020-12-14 00:45:33,511  INFO - HHH10001501: Connection obtained from JdbcConnectionAccess [org.hibernate.engine.jdbc.env.internal.JdbcEnvironmentInitiator$ConnectionProviderJdbcConnectionAccess@15bc339] for (non-JTA) DDL execution was not in auto-commit mode; the Connection 'local transaction' will be committed and the Connection will be set into auto-commit mode.
2020-12-14 00:45:33,578  INFO - HHH000490: Using JtaPlatform implementation: [org.hibernate.engine.transaction.jta.platform.internal.NoJtaPlatform]
2020-12-14 00:45:33,814  INFO - 관계자 - 화장품 성분파라벤추가
2020-12-14 00:45:33,814  INFO - 관계자 - 화장품 성분미네랄 오일추가
2020-12-14 00:45:33,814  INFO - 관계자 - 화장품 성분물추가
2020-12-14 00:45:33,814  INFO - 관계자 - 화장품 성분시어버터추가
2020-12-14 00:45:33,814  INFO - 관계자 - 화장품 성분모로칸오일추가
2020-12-14 00:45:33,817  INFO - 관계자 - 판매 상품퓨어 클렌징 오일추가
2020-12-14 00:45:33,817  INFO - 관계자 - 판매 상품데일리보습크림추가
2020-12-14 00:45:33,817  INFO - 관계자 - 판매 상품에센셜 마스크추가
2020-12-14 00:45:33,818  INFO - 관계자 - 판매 상품탱글수분크림추가
2020-12-14 00:45:33,818  INFO - 관계자 - 판매 상품아크네 수딩크림추가
2020-12-14 00:45:33,821  INFO - 관계자 - 판매 상품ATOZ 아토피추가
2020-12-14 00:45:33,822  INFO - 관계자 - 판매 상품올클리어 토너추가
2020-12-14 00:45:33,822  INFO - 관계자 - 판매 상품잡티OUT  세럼추가
2020-12-14 00:45:33,822  INFO - 관계자 - 판매 상품바이오 트리플 앰플추가
2020-12-14 00:45:33,822  INFO - 관계자 - 판매 상품딸기  세럼플러스추가
2020-12-14 00:45:34,090  INFO - 고객 - 성분 확인 :1번
2020-12-14 00:45:34,096  INFO - 고객 - 화장품 1번 조회
2020-12-14 00:45:34,099  INFO - 관계자 - 화장품1성분 추가
2020-12-14 00:45:34,105  INFO - 고객 - 성분 확인 :3번
2020-12-14 00:45:34,112  INFO - 고객 - 화장품 1번 조회
2020-12-14 00:45:34,112  INFO - 관계자 - 화장품1성분 추가
2020-12-14 00:45:34,115  INFO - 고객 - 성분 확인 :1번
2020-12-14 00:45:34,118  INFO - 고객 - 화장품 2번 조회
2020-12-14 00:45:34,118  INFO - 관계자 - 화장품2성분 추가
2020-12-14 00:45:34,121  INFO - 고객 - 성분 확인 :2번
2020-12-14 00:45:34,123  INFO - 고객 - 화장품 2번 조회
2020-12-14 00:45:34,125  INFO - 관계자 - 화장품2성분 추가
2020-12-14 00:45:34,128  INFO - 고객 - 성분 확인 :3번
2020-12-14 00:45:34,131  INFO - 고객 - 화장품 3번 조회
2020-12-14 00:45:34,132  INFO - 관계자 - 화장품3성분 추가
2020-12-14 00:45:34,135  INFO - 고객 - 성분 확인 :1번
2020-12-14 00:45:34,137  INFO - 고객 - 화장품 4번 조회
2020-12-14 00:45:34,138  INFO - 관계자 - 화장품4성분 추가
2020-12-14 00:45:34,140  INFO - 고객 - 성분 확인 :3번
2020-12-14 00:45:34,143  INFO - 고객 - 화장품 4번 조회
2020-12-14 00:45:34,144  INFO - 관계자 - 화장품4성분 추가
2020-12-14 00:45:34,146  INFO - 고객 - 성분 확인 :1번
2020-12-14 00:45:34,149  INFO - 고객 - 화장품 5번 조회
2020-12-14 00:45:34,150  INFO - 관계자 - 화장품5성분 추가
2020-12-14 00:45:34,153  INFO - 고객 - 성분 확인 :2번
2020-12-14 00:45:34,160  INFO - 고객 - 화장품 5번 조회
2020-12-14 00:45:34,160  INFO - 관계자 - 화장품5성분 추가
2020-12-14 00:45:34,166  INFO - 고객 - 성분 확인 :3번
2020-12-14 00:45:34,182  INFO - 고객 - 화장품 5번 조회
2020-12-14 00:45:34,183  INFO - 관계자 - 화장품5성분 추가
2020-12-14 00:45:34,186  INFO - 고객 - 성분 확인 :2번
2020-12-14 00:45:34,191  INFO - 고객 - 화장품 6번 조회
2020-12-14 00:45:34,191  INFO - 관계자 - 화장품6성분 추가
2020-12-14 00:45:34,195  INFO - 고객 - 성분 확인 :3번
2020-12-14 00:45:34,198  INFO - 고객 - 화장품 6번 조회
2020-12-14 00:45:34,199  INFO - 관계자 - 화장품6성분 추가
2020-12-14 00:45:34,201  INFO - 고객 - 성분 확인 :2번
2020-12-14 00:45:34,204  INFO - 고객 - 화장품 7번 조회
2020-12-14 00:45:34,205  INFO - 관계자 - 화장품7성분 추가
2020-12-14 00:45:34,210  INFO - 고객 - 성분 확인 :3번
2020-12-14 00:45:34,213  INFO - 고객 - 화장품 7번 조회
2020-12-14 00:45:34,214  INFO - 관계자 - 화장품7성분 추가
2020-12-14 00:45:34,217  INFO - 고객 - 성분 확인 :3번
2020-12-14 00:45:34,219  INFO - 고객 - 화장품 8번 조회
2020-12-14 00:45:34,219  INFO - 관계자 - 화장품8성분 추가
2020-12-14 00:45:34,222  INFO - 고객 - 성분 확인 :4번
2020-12-14 00:45:34,225  INFO - 고객 - 화장품 8번 조회
2020-12-14 00:45:34,225  INFO - 관계자 - 화장품8성분 추가
2020-12-14 00:45:34,228  INFO - 고객 - 성분 확인 :5번
2020-12-14 00:45:34,230  INFO - 고객 - 화장품 8번 조회
2020-12-14 00:45:34,231  INFO - 관계자 - 화장품8성분 추가
2020-12-14 00:45:34,233  INFO - 고객 - 성분 확인 :1번
2020-12-14 00:45:34,235  INFO - 고객 - 화장품 9번 조회
2020-12-14 00:45:34,236  INFO - 관계자 - 화장품9성분 추가
2020-12-14 00:45:34,237  INFO - 고객 - 성분 확인 :2번
2020-12-14 00:45:34,240  INFO - 고객 - 화장품 9번 조회
2020-12-14 00:45:34,240  INFO - 관계자 - 화장품9성분 추가
2020-12-14 00:45:34,243  INFO - 고객 - 성분 확인 :3번
2020-12-14 00:45:34,246  INFO - 고객 - 화장품 9번 조회
2020-12-14 00:45:34,246  INFO - 관계자 - 화장품9성분 추가
2020-12-14 00:45:34,248  INFO - 고객 - 성분 확인 :4번
2020-12-14 00:45:34,250  INFO - 고객 - 화장품 9번 조회
2020-12-14 00:45:34,250  INFO - 관계자 - 화장품9성분 추가
2020-12-14 00:45:34,254  INFO - 고객 - 성분 확인 :5번
2020-12-14 00:45:34,256  INFO - 고객 - 화장품 9번 조회
2020-12-14 00:45:34,256  INFO - 관계자 - 화장품9성분 추가
2020-12-14 00:45:34,258  INFO - 고객 - 성분 확인 :3번
2020-12-14 00:45:34,260  INFO - 고객 - 화장품 10번 조회
2020-12-14 00:45:34,260  INFO - 관계자 - 화장품10성분 추가
2020-12-14 00:45:34,262  INFO - 고객 - 성분 확인 :4번
2020-12-14 00:45:34,263  INFO - 고객 - 화장품 10번 조회
2020-12-14 00:45:34,264  INFO - 관계자 - 화장품10성분 추가
2020-12-14 00:45:34,266  INFO - 고객 - 성분 확인 :5번
2020-12-14 00:45:34,267  INFO - 고객 - 화장품 10번 조회
2020-12-14 00:45:34,268  INFO - 관계자 - 화장품10성분 추가
2020-12-14 00:45:34,274  INFO - 관계자  - 화장품0번 또는 성분1번 정보 조회
2020-12-14 00:45:34,356  INFO - 고객 - 화장품 성분 조회 :페놀
2020-12-14 00:45:34,356  INFO - 관계자 - 화장품 성분페놀추가
2020-12-14 00:45:34,363  INFO - 관계자  - 화장품0번 또는 성분1번 정보 조회
2020-12-14 00:45:34,373  INFO - 관계자 - 1의 성분1에서6로 변경
2020-12-14 00:45:34,381  INFO - 고객 - 화장품 성분 조회 :파라벤
2020-12-14 00:45:34,381  INFO - 관계자 - 성분1의 위험도 수정:3
2020-12-14 00:45:34,382  INFO - 관계자 - 성분5의 위험도 수정:1
2020-12-14 00:45:34,386  INFO - 관계자 - 성분 3삭제
2020-12-14 00:45:34,394  INFO - 고객 - 전체 화장품 리스트 조회
2020-12-14 00:45:34,395  INFO - 관계자 - 5의 상품명아크네 클리어 수딩 크림 1+1으로 변경
2020-12-14 00:45:34,395  INFO - 관계자 - 5의 상품용량260ml로 변경
2020-12-14 00:45:34,395  INFO - 관계자 - 판매 상품니베아 립밤 민트초코향추가
2020-12-14 00:45:34,456  INFO - 고객 - 성분 확인 :6번
2020-12-14 00:45:34,464  INFO - 고객 - 화장품 11번 조회
2020-12-14 00:45:34,465  INFO - 관계자 - 화장품11성분 추가
2020-12-14 00:45:34,469  INFO - 고객 - 성분 확인 :4번
2020-12-14 00:45:34,474  INFO - 고객 - 화장품 11번 조회
2020-12-14 00:45:34,476  INFO - 관계자 - 화장품11성분 추가
2020-12-14 00:45:34,481  INFO - 고객 - 전체 화장품 리스트 조회
2020-12-14 00:45:34,489  INFO - 고객 - 화장품 위험 성분 조회NO
2020-12-14 00:45:34,496  INFO - 고객 - 화장품퓨어 클렌징 오일검색
2020-12-14 00:45:34,502  INFO - 고객 - 5000미만 가격 조회
2020-12-14 00:45:34,507  INFO - 고객 - 전체 화장품 리스트 조회
2020-12-14 00:47:52,537  INFO - HHH000204: Processing PersistenceUnitInfo [name: step09_JPAProject]
2020-12-14 00:47:52,634  INFO - HHH000412: Hibernate Core {5.4.2.Final}
2020-12-14 00:47:52,837  INFO - HCANN000001: Hibernate Commons Annotations {5.1.0.Final}
2020-12-14 00:47:53,584  WARN - HHH10001002: Using Hibernate built-in connection pool (not for production use!)
2020-12-14 00:47:53,672  INFO - HHH10001005: using driver [oracle.jdbc.OracleDriver] at URL [jdbc:oracle:thin:@127.0.0.1:1521:xe]
2020-12-14 00:47:53,672  INFO - HHH10001001: Connection properties: {user=SCOTT, password=****}
2020-12-14 00:47:53,673  INFO - HHH10001003: Autocommit mode: false
2020-12-14 00:47:53,678  INFO - HHH000115: Hibernate connection pool size: 20 (min=1)
2020-12-14 00:47:54,601  INFO - HHH000400: Using dialect: org.hibernate.dialect.OracleDialect
2020-12-14 00:47:54,607  WARN - HHH000063: The Oracle9Dialect dialect has been deprecated; use either Oracle9iDialect or Oracle10gDialect instead
2020-12-14 00:47:54,609  WARN - HHH000064: The OracleDialect dialect has been deprecated; use Oracle8iDialect instead
2020-12-14 00:47:55,751  INFO - HHH10001501: Connection obtained from JdbcConnectionAccess [org.hibernate.engine.jdbc.env.internal.JdbcEnvironmentInitiator$ConnectionProviderJdbcConnectionAccess@6e106680] for (non-JTA) DDL execution was not in auto-commit mode; the Connection 'local transaction' will be committed and the Connection will be set into auto-commit mode.
2020-12-14 00:47:55,826  INFO - HHH10001501: Connection obtained from JdbcConnectionAccess [org.hibernate.engine.jdbc.env.internal.JdbcEnvironmentInitiator$ConnectionProviderJdbcConnectionAccess@15bc339] for (non-JTA) DDL execution was not in auto-commit mode; the Connection 'local transaction' will be committed and the Connection will be set into auto-commit mode.
2020-12-14 00:47:55,902  INFO - HHH000490: Using JtaPlatform implementation: [org.hibernate.engine.transaction.jta.platform.internal.NoJtaPlatform]
2020-12-14 00:47:56,173  INFO - 관계자 - 화장품 성분파라벤추가
2020-12-14 00:47:56,173  INFO - 관계자 - 화장품 성분미네랄 오일추가
2020-12-14 00:47:56,174  INFO - 관계자 - 화장품 성분물추가
2020-12-14 00:47:56,174  INFO - 관계자 - 화장품 성분시어버터추가
2020-12-14 00:47:56,174  INFO - 관계자 - 화장품 성분모로칸오일추가
2020-12-14 00:47:56,179  INFO - 관계자 - 판매 상품퓨어 클렌징 오일추가
2020-12-14 00:47:56,179  INFO - 관계자 - 판매 상품데일리보습크림추가
2020-12-14 00:47:56,180  INFO - 관계자 - 판매 상품에센셜 마스크추가
2020-12-14 00:47:56,180  INFO - 관계자 - 판매 상품탱글수분크림추가
2020-12-14 00:47:56,180  INFO - 관계자 - 판매 상품아크네 수딩크림추가
2020-12-14 00:47:56,184  INFO - 관계자 - 판매 상품ATOZ 아토피추가
2020-12-14 00:47:56,185  INFO - 관계자 - 판매 상품올클리어 토너추가
2020-12-14 00:47:56,185  INFO - 관계자 - 판매 상품잡티OUT  세럼추가
2020-12-14 00:47:56,185  INFO - 관계자 - 판매 상품바이오 트리플 앰플추가
2020-12-14 00:47:56,185  INFO - 관계자 - 판매 상품딸기  세럼플러스추가
2020-12-14 00:47:56,409  INFO - 고객 - 성분 확인 :1번
2020-12-14 00:47:56,415  INFO - 고객 - 화장품 1번 조회
2020-12-14 00:47:56,418  INFO - 관계자 - 화장품1성분 추가
2020-12-14 00:47:56,421  INFO - 고객 - 성분 확인 :3번
2020-12-14 00:47:56,428  INFO - 고객 - 화장품 1번 조회
2020-12-14 00:47:56,429  INFO - 관계자 - 화장품1성분 추가
2020-12-14 00:47:56,433  INFO - 고객 - 성분 확인 :1번
2020-12-14 00:47:56,436  INFO - 고객 - 화장품 2번 조회
2020-12-14 00:47:56,436  INFO - 관계자 - 화장품2성분 추가
2020-12-14 00:47:56,438  INFO - 고객 - 성분 확인 :2번
2020-12-14 00:47:56,440  INFO - 고객 - 화장품 2번 조회
2020-12-14 00:47:56,441  INFO - 관계자 - 화장품2성분 추가
2020-12-14 00:47:56,443  INFO - 고객 - 성분 확인 :3번
2020-12-14 00:47:56,445  INFO - 고객 - 화장품 3번 조회
2020-12-14 00:47:56,446  INFO - 관계자 - 화장품3성분 추가
2020-12-14 00:47:56,448  INFO - 고객 - 성분 확인 :1번
2020-12-14 00:47:56,450  INFO - 고객 - 화장품 4번 조회
2020-12-14 00:47:56,450  INFO - 관계자 - 화장품4성분 추가
2020-12-14 00:47:56,453  INFO - 고객 - 성분 확인 :3번
2020-12-14 00:47:56,456  INFO - 고객 - 화장품 4번 조회
2020-12-14 00:47:56,456  INFO - 관계자 - 화장품4성분 추가
2020-12-14 00:47:56,459  INFO - 고객 - 성분 확인 :1번
2020-12-14 00:47:56,462  INFO - 고객 - 화장품 5번 조회
2020-12-14 00:47:56,463  INFO - 관계자 - 화장품5성분 추가
2020-12-14 00:47:56,465  INFO - 고객 - 성분 확인 :2번
2020-12-14 00:47:56,468  INFO - 고객 - 화장품 5번 조회
2020-12-14 00:47:56,468  INFO - 관계자 - 화장품5성분 추가
2020-12-14 00:47:56,470  INFO - 고객 - 성분 확인 :3번
2020-12-14 00:47:56,473  INFO - 고객 - 화장품 5번 조회
2020-12-14 00:47:56,473  INFO - 관계자 - 화장품5성분 추가
2020-12-14 00:47:56,475  INFO - 고객 - 성분 확인 :2번
2020-12-14 00:47:56,478  INFO - 고객 - 화장품 6번 조회
2020-12-14 00:47:56,479  INFO - 관계자 - 화장품6성분 추가
2020-12-14 00:47:56,481  INFO - 고객 - 성분 확인 :3번
2020-12-14 00:47:56,483  INFO - 고객 - 화장품 6번 조회
2020-12-14 00:47:56,484  INFO - 관계자 - 화장품6성분 추가
2020-12-14 00:47:56,486  INFO - 고객 - 성분 확인 :2번
2020-12-14 00:47:56,489  INFO - 고객 - 화장품 7번 조회
2020-12-14 00:47:56,489  INFO - 관계자 - 화장품7성분 추가
2020-12-14 00:47:56,491  INFO - 고객 - 성분 확인 :3번
2020-12-14 00:47:56,494  INFO - 고객 - 화장품 7번 조회
2020-12-14 00:47:56,494  INFO - 관계자 - 화장품7성분 추가
2020-12-14 00:47:56,497  INFO - 고객 - 성분 확인 :3번
2020-12-14 00:47:56,499  INFO - 고객 - 화장품 8번 조회
2020-12-14 00:47:56,499  INFO - 관계자 - 화장품8성분 추가
2020-12-14 00:47:56,502  INFO - 고객 - 성분 확인 :4번
2020-12-14 00:47:56,504  INFO - 고객 - 화장품 8번 조회
2020-12-14 00:47:56,504  INFO - 관계자 - 화장품8성분 추가
2020-12-14 00:47:56,506  INFO - 고객 - 성분 확인 :5번
2020-12-14 00:47:56,509  INFO - 고객 - 화장품 8번 조회
2020-12-14 00:47:56,509  INFO - 관계자 - 화장품8성분 추가
2020-12-14 00:47:56,512  INFO - 고객 - 성분 확인 :1번
2020-12-14 00:47:56,514  INFO - 고객 - 화장품 9번 조회
2020-12-14 00:47:56,515  INFO - 관계자 - 화장품9성분 추가
2020-12-14 00:47:56,517  INFO - 고객 - 성분 확인 :2번
2020-12-14 00:47:56,519  INFO - 고객 - 화장품 9번 조회
2020-12-14 00:47:56,520  INFO - 관계자 - 화장품9성분 추가
2020-12-14 00:47:56,522  INFO - 고객 - 성분 확인 :3번
2020-12-14 00:47:56,531  INFO - 고객 - 화장품 9번 조회
2020-12-14 00:47:56,531  INFO - 관계자 - 화장품9성분 추가
2020-12-14 00:47:56,547  INFO - 고객 - 성분 확인 :4번
2020-12-14 00:47:56,550  INFO - 고객 - 화장품 9번 조회
2020-12-14 00:47:56,550  INFO - 관계자 - 화장품9성분 추가
2020-12-14 00:47:56,553  INFO - 고객 - 성분 확인 :5번
2020-12-14 00:47:56,555  INFO - 고객 - 화장품 9번 조회
2020-12-14 00:47:56,556  INFO - 관계자 - 화장품9성분 추가
2020-12-14 00:47:56,559  INFO - 고객 - 성분 확인 :3번
2020-12-14 00:47:56,562  INFO - 고객 - 화장품 10번 조회
2020-12-14 00:47:56,562  INFO - 관계자 - 화장품10성분 추가
2020-12-14 00:47:56,564  INFO - 고객 - 성분 확인 :4번
2020-12-14 00:47:56,566  INFO - 고객 - 화장품 10번 조회
2020-12-14 00:47:56,566  INFO - 관계자 - 화장품10성분 추가
2020-12-14 00:47:56,569  INFO - 고객 - 성분 확인 :5번
2020-12-14 00:47:56,575  INFO - 고객 - 화장품 10번 조회
2020-12-14 00:47:56,575  INFO - 관계자 - 화장품10성분 추가
2020-12-14 00:47:56,586  INFO - 관계자  - 화장품0번 또는 성분1번 정보 조회
2020-12-14 00:47:56,667  INFO - 고객 - 화장품 성분 조회 :페놀
2020-12-14 00:47:56,667  INFO - 관계자 - 화장품 성분페놀추가
2020-12-14 00:47:56,672  INFO - 관계자  - 화장품0번 또는 성분1번 정보 조회
2020-12-14 00:47:56,685  INFO - 관계자 - 1의 성분1에서6로 변경
2020-12-14 00:47:56,697  INFO - 고객 - 화장품 성분 조회 :파라벤
2020-12-14 00:47:56,697  INFO - 관계자 - 성분1의 위험도 수정:3
2020-12-14 00:47:56,697  INFO - 관계자 - 성분5의 위험도 수정:1
2020-12-14 00:47:56,704  INFO - 관계자 - 성분 3삭제
2020-12-14 00:47:56,712  INFO - 고객 - 전체 화장품 리스트 조회
2020-12-14 00:47:56,715  INFO - 관계자 - 5의 상품명아크네 클리어 수딩 크림 1+1으로 변경
2020-12-14 00:47:56,715  INFO - 관계자 - 5의 상품용량260ml로 변경
2020-12-14 00:47:56,715  INFO - 관계자 - 판매 상품니베아 립밤 민트초코향추가
2020-12-14 00:47:56,770  INFO - 고객 - 성분 확인 :6번
2020-12-14 00:47:56,772  INFO - 고객 - 화장품 11번 조회
2020-12-14 00:47:56,773  INFO - 관계자 - 화장품11성분 추가
2020-12-14 00:47:56,777  INFO - 고객 - 성분 확인 :4번
2020-12-14 00:47:56,783  INFO - 고객 - 화장품 11번 조회
2020-12-14 00:47:56,784  INFO - 관계자 - 화장품11성분 추가
2020-12-14 00:47:56,786  INFO - 고객 - 전체 화장품 리스트 조회
2020-12-14 00:47:56,797  INFO - 고객 - 화장품 위험 성분 조회NO
2020-12-14 00:47:56,802  INFO - 고객 - 화장품퓨어 클렌징 오일검색
2020-12-14 00:47:56,808  INFO - 고객 - 5000미만 가격 조회
2020-12-14 00:47:56,814  INFO - 고객 - 전체 화장품 리스트 조회
2020-12-14 00:49:30,630  INFO - HHH000204: Processing PersistenceUnitInfo [name: step09_JPAProject]
2020-12-14 00:49:30,723  INFO - HHH000412: Hibernate Core {5.4.2.Final}
2020-12-14 00:49:30,924  INFO - HCANN000001: Hibernate Commons Annotations {5.1.0.Final}
2020-12-14 00:49:31,679  WARN - HHH10001002: Using Hibernate built-in connection pool (not for production use!)
2020-12-14 00:49:31,761  INFO - HHH10001005: using driver [oracle.jdbc.OracleDriver] at URL [jdbc:oracle:thin:@127.0.0.1:1521:xe]
2020-12-14 00:49:31,761  INFO - HHH10001001: Connection properties: {user=SCOTT, password=****}
2020-12-14 00:49:31,762  INFO - HHH10001003: Autocommit mode: false
2020-12-14 00:49:31,768  INFO - HHH000115: Hibernate connection pool size: 20 (min=1)
2020-12-14 00:49:32,733  INFO - HHH000400: Using dialect: org.hibernate.dialect.OracleDialect
2020-12-14 00:49:32,738  WARN - HHH000063: The Oracle9Dialect dialect has been deprecated; use either Oracle9iDialect or Oracle10gDialect instead
2020-12-14 00:49:32,740  WARN - HHH000064: The OracleDialect dialect has been deprecated; use Oracle8iDialect instead
2020-12-14 00:49:33,841  INFO - HHH10001501: Connection obtained from JdbcConnectionAccess [org.hibernate.engine.jdbc.env.internal.JdbcEnvironmentInitiator$ConnectionProviderJdbcConnectionAccess@6e106680] for (non-JTA) DDL execution was not in auto-commit mode; the Connection 'local transaction' will be committed and the Connection will be set into auto-commit mode.
2020-12-14 00:49:33,912  INFO - HHH10001501: Connection obtained from JdbcConnectionAccess [org.hibernate.engine.jdbc.env.internal.JdbcEnvironmentInitiator$ConnectionProviderJdbcConnectionAccess@15bc339] for (non-JTA) DDL execution was not in auto-commit mode; the Connection 'local transaction' will be committed and the Connection will be set into auto-commit mode.
2020-12-14 00:49:33,982  INFO - HHH000490: Using JtaPlatform implementation: [org.hibernate.engine.transaction.jta.platform.internal.NoJtaPlatform]
2020-12-14 00:49:34,270  INFO - 관계자 - 화장품 성분파라벤추가
2020-12-14 00:49:34,271  INFO - 관계자 - 화장품 성분미네랄 오일추가
2020-12-14 00:49:34,271  INFO - 관계자 - 화장품 성분물추가
2020-12-14 00:49:34,271  INFO - 관계자 - 화장품 성분시어버터추가
2020-12-14 00:49:34,271  INFO - 관계자 - 화장품 성분모로칸오일추가
2020-12-14 00:49:34,275  INFO - 관계자 - 판매 상품퓨어 클렌징 오일추가
2020-12-14 00:49:34,275  INFO - 관계자 - 판매 상품데일리보습크림추가
2020-12-14 00:49:34,275  INFO - 관계자 - 판매 상품에센셜 마스크추가
2020-12-14 00:49:34,276  INFO - 관계자 - 판매 상품탱글수분크림추가
2020-12-14 00:49:34,276  INFO - 관계자 - 판매 상품아크네 수딩크림추가
2020-12-14 00:49:34,279  INFO - 관계자 - 판매 상품ATOZ 아토피추가
2020-12-14 00:49:34,280  INFO - 관계자 - 판매 상품올클리어 토너추가
2020-12-14 00:49:34,280  INFO - 관계자 - 판매 상품잡티OUT  세럼추가
2020-12-14 00:49:34,280  INFO - 관계자 - 판매 상품바이오 트리플 앰플추가
2020-12-14 00:49:34,280  INFO - 관계자 - 판매 상품딸기  세럼플러스추가
2020-12-14 00:49:34,497  INFO - 고객 - 성분 확인 :1번
2020-12-14 00:49:34,503  INFO - 고객 - 화장품 1번 조회
2020-12-14 00:49:34,506  INFO - 관계자 - 화장품1성분 추가
2020-12-14 00:49:34,509  INFO - 고객 - 성분 확인 :3번
2020-12-14 00:49:34,512  INFO - 고객 - 화장품 1번 조회
2020-12-14 00:49:34,512  INFO - 관계자 - 화장품1성분 추가
2020-12-14 00:49:34,515  INFO - 고객 - 성분 확인 :1번
2020-12-14 00:49:34,517  INFO - 고객 - 화장품 2번 조회
2020-12-14 00:49:34,517  INFO - 관계자 - 화장품2성분 추가
2020-12-14 00:49:34,520  INFO - 고객 - 성분 확인 :2번
2020-12-14 00:49:34,523  INFO - 고객 - 화장품 2번 조회
2020-12-14 00:49:34,523  INFO - 관계자 - 화장품2성분 추가
2020-12-14 00:49:34,525  INFO - 고객 - 성분 확인 :3번
2020-12-14 00:49:34,528  INFO - 고객 - 화장품 3번 조회
2020-12-14 00:49:34,528  INFO - 관계자 - 화장품3성분 추가
2020-12-14 00:49:34,530  INFO - 고객 - 성분 확인 :1번
2020-12-14 00:49:34,533  INFO - 고객 - 화장품 4번 조회
2020-12-14 00:49:34,533  INFO - 관계자 - 화장품4성분 추가
2020-12-14 00:49:34,535  INFO - 고객 - 성분 확인 :3번
2020-12-14 00:49:34,538  INFO - 고객 - 화장품 4번 조회
2020-12-14 00:49:34,538  INFO - 관계자 - 화장품4성분 추가
2020-12-14 00:49:34,540  INFO - 고객 - 성분 확인 :1번
2020-12-14 00:49:34,542  INFO - 고객 - 화장품 5번 조회
2020-12-14 00:49:34,543  INFO - 관계자 - 화장품5성분 추가
2020-12-14 00:49:34,545  INFO - 고객 - 성분 확인 :2번
2020-12-14 00:49:34,547  INFO - 고객 - 화장품 5번 조회
2020-12-14 00:49:34,547  INFO - 관계자 - 화장품5성분 추가
2020-12-14 00:49:34,550  INFO - 고객 - 성분 확인 :3번
2020-12-14 00:49:34,552  INFO - 고객 - 화장품 5번 조회
2020-12-14 00:49:34,552  INFO - 관계자 - 화장품5성분 추가
2020-12-14 00:49:34,554  INFO - 고객 - 성분 확인 :2번
2020-12-14 00:49:34,556  INFO - 고객 - 화장품 6번 조회
2020-12-14 00:49:34,556  INFO - 관계자 - 화장품6성분 추가
2020-12-14 00:49:34,559  INFO - 고객 - 성분 확인 :3번
2020-12-14 00:49:34,561  INFO - 고객 - 화장품 6번 조회
2020-12-14 00:49:34,561  INFO - 관계자 - 화장품6성분 추가
2020-12-14 00:49:34,566  INFO - 고객 - 성분 확인 :2번
2020-12-14 00:49:34,571  INFO - 고객 - 화장품 7번 조회
2020-12-14 00:49:34,571  INFO - 관계자 - 화장품7성분 추가
2020-12-14 00:49:34,574  INFO - 고객 - 성분 확인 :3번
2020-12-14 00:49:34,576  INFO - 고객 - 화장품 7번 조회
2020-12-14 00:49:34,577  INFO - 관계자 - 화장품7성분 추가
2020-12-14 00:49:34,579  INFO - 고객 - 성분 확인 :3번
2020-12-14 00:49:34,581  INFO - 고객 - 화장품 8번 조회
2020-12-14 00:49:34,581  INFO - 관계자 - 화장품8성분 추가
2020-12-14 00:49:34,583  INFO - 고객 - 성분 확인 :4번
2020-12-14 00:49:34,586  INFO - 고객 - 화장품 8번 조회
2020-12-14 00:49:34,586  INFO - 관계자 - 화장품8성분 추가
2020-12-14 00:49:34,589  INFO - 고객 - 성분 확인 :5번
2020-12-14 00:49:34,592  INFO - 고객 - 화장품 8번 조회
2020-12-14 00:49:34,593  INFO - 관계자 - 화장품8성분 추가
2020-12-14 00:49:34,595  INFO - 고객 - 성분 확인 :1번
2020-12-14 00:49:34,597  INFO - 고객 - 화장품 9번 조회
2020-12-14 00:49:34,597  INFO - 관계자 - 화장품9성분 추가
2020-12-14 00:49:34,599  INFO - 고객 - 성분 확인 :2번
2020-12-14 00:49:34,601  INFO - 고객 - 화장품 9번 조회
2020-12-14 00:49:34,602  INFO - 관계자 - 화장품9성분 추가
2020-12-14 00:49:34,604  INFO - 고객 - 성분 확인 :3번
2020-12-14 00:49:34,607  INFO - 고객 - 화장품 9번 조회
2020-12-14 00:49:34,607  INFO - 관계자 - 화장품9성분 추가
2020-12-14 00:49:34,610  INFO - 고객 - 성분 확인 :4번
2020-12-14 00:49:34,612  INFO - 고객 - 화장품 9번 조회
2020-12-14 00:49:34,613  INFO - 관계자 - 화장품9성분 추가
2020-12-14 00:49:34,617  INFO - 고객 - 성분 확인 :5번
2020-12-14 00:49:34,629  INFO - 고객 - 화장품 9번 조회
2020-12-14 00:49:34,629  INFO - 관계자 - 화장품9성분 추가
2020-12-14 00:49:34,633  INFO - 고객 - 성분 확인 :3번
2020-12-14 00:49:34,638  INFO - 고객 - 화장품 10번 조회
2020-12-14 00:49:34,638  INFO - 관계자 - 화장품10성분 추가
2020-12-14 00:49:34,642  INFO - 고객 - 성분 확인 :4번
2020-12-14 00:49:34,645  INFO - 고객 - 화장품 10번 조회
2020-12-14 00:49:34,645  INFO - 관계자 - 화장품10성분 추가
2020-12-14 00:49:34,650  INFO - 고객 - 성분 확인 :5번
2020-12-14 00:49:34,653  INFO - 고객 - 화장품 10번 조회
2020-12-14 00:49:34,653  INFO - 관계자 - 화장품10성분 추가
2020-12-14 00:49:34,662  INFO - 관계자  - 화장품0번 또는 성분1번 정보 조회
2020-12-14 00:49:34,737  INFO - 고객 - 화장품 성분 조회 :페놀
2020-12-14 00:49:34,738  INFO - 관계자 - 화장품 성분페놀추가
2020-12-14 00:49:34,757  INFO - 관계자  - 화장품0번 또는 성분1번 정보 조회
2020-12-14 00:49:34,765  INFO - 관계자 - 1의 성분1에서6로 변경
2020-12-14 00:49:34,774  INFO - 고객 - 화장품 성분 조회 :파라벤
2020-12-14 00:49:34,775  INFO - 관계자 - 성분1의 위험도 수정:3
2020-12-14 00:49:34,775  INFO - 관계자 - 성분5의 위험도 수정:1
2020-12-14 00:49:34,779  INFO - 관계자 - 성분 3삭제
2020-12-14 00:49:34,785  INFO - 고객 - 전체 화장품 리스트 조회
2020-12-14 00:49:34,786  INFO - 관계자 - 5의 상품명아크네 클리어 수딩 크림 1+1으로 변경
2020-12-14 00:49:34,786  INFO - 관계자 - 5의 상품용량260ml로 변경
2020-12-14 00:49:34,786  INFO - 관계자 - 판매 상품니베아 립밤 민트초코향추가
2020-12-14 00:49:34,839  INFO - 고객 - 성분 확인 :6번
2020-12-14 00:49:34,844  INFO - 고객 - 화장품 11번 조회
2020-12-14 00:49:34,845  INFO - 관계자 - 화장품11성분 추가
2020-12-14 00:49:34,847  INFO - 고객 - 성분 확인 :4번
2020-12-14 00:49:34,849  INFO - 고객 - 화장품 11번 조회
2020-12-14 00:49:34,849  INFO - 관계자 - 화장품11성분 추가
2020-12-14 00:49:34,852  INFO - 고객 - 전체 화장품 리스트 조회
2020-12-14 00:49:34,861  INFO - 고객 - 화장품 위험 성분 조회NO
2020-12-14 00:49:34,866  INFO - 고객 - 화장품퓨어 클렌징 오일검색
2020-12-14 00:49:34,872  INFO - 고객 - 5000미만 가격 조회
2020-12-14 00:49:34,875  INFO - 고객 - 전체 화장품 리스트 조회
2020-12-14 00:49:59,873  INFO - HHH000204: Processing PersistenceUnitInfo [name: step09_JPAProject]
2020-12-14 00:49:59,975  INFO - HHH000412: Hibernate Core {5.4.2.Final}
2020-12-14 00:50:00,188  INFO - HCANN000001: Hibernate Commons Annotations {5.1.0.Final}
2020-12-14 00:50:00,986  WARN - HHH10001002: Using Hibernate built-in connection pool (not for production use!)
2020-12-14 00:50:01,066  INFO - HHH10001005: using driver [oracle.jdbc.OracleDriver] at URL [jdbc:oracle:thin:@127.0.0.1:1521:xe]
2020-12-14 00:50:01,066  INFO - HHH10001001: Connection properties: {user=SCOTT, password=****}
2020-12-14 00:50:01,066  INFO - HHH10001003: Autocommit mode: false
2020-12-14 00:50:01,071  INFO - HHH000115: Hibernate connection pool size: 20 (min=1)
2020-12-14 00:50:01,946  INFO - HHH000400: Using dialect: org.hibernate.dialect.OracleDialect
2020-12-14 00:50:01,952  WARN - HHH000063: The Oracle9Dialect dialect has been deprecated; use either Oracle9iDialect or Oracle10gDialect instead
2020-12-14 00:50:01,953  WARN - HHH000064: The OracleDialect dialect has been deprecated; use Oracle8iDialect instead
2020-12-14 00:50:02,978  INFO - HHH10001501: Connection obtained from JdbcConnectionAccess [org.hibernate.engine.jdbc.env.internal.JdbcEnvironmentInitiator$ConnectionProviderJdbcConnectionAccess@6e106680] for (non-JTA) DDL execution was not in auto-commit mode; the Connection 'local transaction' will be committed and the Connection will be set into auto-commit mode.
2020-12-14 00:50:03,029  INFO - HHH10001501: Connection obtained from JdbcConnectionAccess [org.hibernate.engine.jdbc.env.internal.JdbcEnvironmentInitiator$ConnectionProviderJdbcConnectionAccess@15bc339] for (non-JTA) DDL execution was not in auto-commit mode; the Connection 'local transaction' will be committed and the Connection will be set into auto-commit mode.
2020-12-14 00:50:03,107  INFO - HHH000490: Using JtaPlatform implementation: [org.hibernate.engine.transaction.jta.platform.internal.NoJtaPlatform]
2020-12-14 00:50:03,390  INFO - 관계자 - 화장품 성분파라벤추가
2020-12-14 00:50:03,390  INFO - 관계자 - 화장품 성분미네랄 오일추가
2020-12-14 00:50:03,390  INFO - 관계자 - 화장품 성분물추가
2020-12-14 00:50:03,390  INFO - 관계자 - 화장품 성분시어버터추가
2020-12-14 00:50:03,391  INFO - 관계자 - 화장품 성분모로칸오일추가
2020-12-14 00:50:03,395  INFO - 관계자 - 판매 상품퓨어 클렌징 오일추가
2020-12-14 00:50:03,395  INFO - 관계자 - 판매 상품데일리보습크림추가
2020-12-14 00:50:03,396  INFO - 관계자 - 판매 상품에센셜 마스크추가
2020-12-14 00:50:03,397  INFO - 관계자 - 판매 상품탱글수분크림추가
2020-12-14 00:50:03,398  INFO - 관계자 - 판매 상품아크네 수딩크림추가
2020-12-14 00:50:03,403  INFO - 관계자 - 판매 상품ATOZ 아토피추가
2020-12-14 00:50:03,404  INFO - 관계자 - 판매 상품올클리어 토너추가
2020-12-14 00:50:03,405  INFO - 관계자 - 판매 상품잡티OUT  세럼추가
2020-12-14 00:50:03,406  INFO - 관계자 - 판매 상품바이오 트리플 앰플추가
2020-12-14 00:50:03,407  INFO - 관계자 - 판매 상품딸기  세럼플러스추가
2020-12-14 00:50:03,641  INFO - 고객 - 성분 확인 :1번
2020-12-14 00:50:03,647  INFO - 고객 - 화장품 1번 조회
2020-12-14 00:50:03,650  INFO - 관계자 - 화장품1성분 추가
2020-12-14 00:50:03,653  INFO - 고객 - 성분 확인 :3번
2020-12-14 00:50:03,656  INFO - 고객 - 화장품 1번 조회
2020-12-14 00:50:03,656  INFO - 관계자 - 화장품1성분 추가
2020-12-14 00:50:03,659  INFO - 고객 - 성분 확인 :1번
2020-12-14 00:50:03,662  INFO - 고객 - 화장품 2번 조회
2020-12-14 00:50:03,662  INFO - 관계자 - 화장품2성분 추가
2020-12-14 00:50:03,665  INFO - 고객 - 성분 확인 :2번
2020-12-14 00:50:03,667  INFO - 고객 - 화장품 2번 조회
2020-12-14 00:50:03,668  INFO - 관계자 - 화장품2성분 추가
2020-12-14 00:50:03,670  INFO - 고객 - 성분 확인 :3번
2020-12-14 00:50:03,672  INFO - 고객 - 화장품 3번 조회
2020-12-14 00:50:03,673  INFO - 관계자 - 화장품3성분 추가
2020-12-14 00:50:03,675  INFO - 고객 - 성분 확인 :1번
2020-12-14 00:50:03,677  INFO - 고객 - 화장품 4번 조회
2020-12-14 00:50:03,678  INFO - 관계자 - 화장품4성분 추가
2020-12-14 00:50:03,680  INFO - 고객 - 성분 확인 :3번
2020-12-14 00:50:03,682  INFO - 고객 - 화장품 4번 조회
2020-12-14 00:50:03,683  INFO - 관계자 - 화장품4성분 추가
2020-12-14 00:50:03,685  INFO - 고객 - 성분 확인 :1번
2020-12-14 00:50:03,687  INFO - 고객 - 화장품 5번 조회
2020-12-14 00:50:03,688  INFO - 관계자 - 화장품5성분 추가
2020-12-14 00:50:03,690  INFO - 고객 - 성분 확인 :2번
2020-12-14 00:50:03,692  INFO - 고객 - 화장품 5번 조회
2020-12-14 00:50:03,693  INFO - 관계자 - 화장품5성분 추가
2020-12-14 00:50:03,695  INFO - 고객 - 성분 확인 :3번
2020-12-14 00:50:03,697  INFO - 고객 - 화장품 5번 조회
2020-12-14 00:50:03,697  INFO - 관계자 - 화장품5성분 추가
2020-12-14 00:50:03,700  INFO - 고객 - 성분 확인 :2번
2020-12-14 00:50:03,702  INFO - 고객 - 화장품 6번 조회
2020-12-14 00:50:03,702  INFO - 관계자 - 화장품6성분 추가
2020-12-14 00:50:03,704  INFO - 고객 - 성분 확인 :3번
2020-12-14 00:50:03,706  INFO - 고객 - 화장품 6번 조회
2020-12-14 00:50:03,707  INFO - 관계자 - 화장품6성분 추가
2020-12-14 00:50:03,713  INFO - 고객 - 성분 확인 :2번
2020-12-14 00:50:03,717  INFO - 고객 - 화장품 7번 조회
2020-12-14 00:50:03,718  INFO - 관계자 - 화장품7성분 추가
2020-12-14 00:50:03,721  INFO - 고객 - 성분 확인 :3번
2020-12-14 00:50:03,723  INFO - 고객 - 화장품 7번 조회
2020-12-14 00:50:03,723  INFO - 관계자 - 화장품7성분 추가
2020-12-14 00:50:03,725  INFO - 고객 - 성분 확인 :3번
2020-12-14 00:50:03,728  INFO - 고객 - 화장품 8번 조회
2020-12-14 00:50:03,728  INFO - 관계자 - 화장품8성분 추가
2020-12-14 00:50:03,731  INFO - 고객 - 성분 확인 :4번
2020-12-14 00:50:03,734  INFO - 고객 - 화장품 8번 조회
2020-12-14 00:50:03,734  INFO - 관계자 - 화장품8성분 추가
2020-12-14 00:50:03,736  INFO - 고객 - 성분 확인 :5번
2020-12-14 00:50:03,738  INFO - 고객 - 화장품 8번 조회
2020-12-14 00:50:03,739  INFO - 관계자 - 화장품8성분 추가
2020-12-14 00:50:03,741  INFO - 고객 - 성분 확인 :1번
2020-12-14 00:50:03,743  INFO - 고객 - 화장품 9번 조회
2020-12-14 00:50:03,744  INFO - 관계자 - 화장품9성분 추가
2020-12-14 00:50:03,747  INFO - 고객 - 성분 확인 :2번
2020-12-14 00:50:03,749  INFO - 고객 - 화장품 9번 조회
2020-12-14 00:50:03,750  INFO - 관계자 - 화장품9성분 추가
2020-12-14 00:50:03,752  INFO - 고객 - 성분 확인 :3번
2020-12-14 00:50:03,754  INFO - 고객 - 화장품 9번 조회
2020-12-14 00:50:03,755  INFO - 관계자 - 화장품9성분 추가
2020-12-14 00:50:03,757  INFO - 고객 - 성분 확인 :4번
2020-12-14 00:50:03,760  INFO - 고객 - 화장품 9번 조회
2020-12-14 00:50:03,760  INFO - 관계자 - 화장품9성분 추가
2020-12-14 00:50:03,773  INFO - 고객 - 성분 확인 :5번
2020-12-14 00:50:03,778  INFO - 고객 - 화장품 9번 조회
2020-12-14 00:50:03,778  INFO - 관계자 - 화장품9성분 추가
2020-12-14 00:50:03,782  INFO - 고객 - 성분 확인 :3번
2020-12-14 00:50:03,786  INFO - 고객 - 화장품 10번 조회
2020-12-14 00:50:03,786  INFO - 관계자 - 화장품10성분 추가
2020-12-14 00:50:03,788  INFO - 고객 - 성분 확인 :4번
2020-12-14 00:50:03,792  INFO - 고객 - 화장품 10번 조회
2020-12-14 00:50:03,793  INFO - 관계자 - 화장품10성분 추가
2020-12-14 00:50:03,799  INFO - 고객 - 성분 확인 :5번
2020-12-14 00:50:03,802  INFO - 고객 - 화장품 10번 조회
2020-12-14 00:50:03,803  INFO - 관계자 - 화장품10성분 추가
2020-12-14 00:50:03,813  INFO - 관계자  - 화장품0번 또는 성분1번 정보 조회
2020-12-14 00:50:03,913  INFO - 고객 - 화장품 성분 조회 :페놀
2020-12-14 00:50:03,913  INFO - 관계자 - 화장품 성분페놀추가
2020-12-14 00:50:03,916  INFO - 관계자  - 화장품0번 또는 성분1번 정보 조회
2020-12-14 00:50:03,924  INFO - 관계자 - 1의 성분1에서6로 변경
2020-12-14 00:50:03,931  INFO - 고객 - 화장품 성분 조회 :파라벤
2020-12-14 00:50:03,932  INFO - 관계자 - 성분1의 위험도 수정:3
2020-12-14 00:50:03,932  INFO - 관계자 - 성분5의 위험도 수정:1
2020-12-14 00:50:03,936  INFO - 관계자 - 성분 3삭제
2020-12-14 00:50:03,942  INFO - 고객 - 전체 화장품 리스트 조회
2020-12-14 00:50:03,943  INFO - 관계자 - 5의 상품명아크네 클리어 수딩 크림 1+1으로 변경
2020-12-14 00:50:03,943  INFO - 관계자 - 5의 상품용량260ml로 변경
2020-12-14 00:50:03,943  INFO - 관계자 - 판매 상품니베아 립밤 민트초코향추가
2020-12-14 00:50:03,989  INFO - 고객 - 성분 확인 :6번
2020-12-14 00:50:03,991  INFO - 고객 - 화장품 11번 조회
2020-12-14 00:50:03,992  INFO - 관계자 - 화장품11성분 추가
2020-12-14 00:50:03,994  INFO - 고객 - 성분 확인 :4번
2020-12-14 00:50:03,996  INFO - 고객 - 화장품 11번 조회
2020-12-14 00:50:03,997  INFO - 관계자 - 화장품11성분 추가
2020-12-14 00:50:04,000  INFO - 고객 - 전체 화장품 리스트 조회
2020-12-14 00:50:04,008  INFO - 고객 - 화장품 위험 성분 조회NO
2020-12-14 00:50:04,014  INFO - 고객 - 화장품퓨어 클렌징 오일검색
2020-12-14 00:50:04,019  INFO - 고객 - 5000미만 가격 조회
2020-12-14 00:50:04,022  INFO - 고객 - 전체 화장품 리스트 조회
2020-12-14 00:56:30,746  INFO - HHH000204: Processing PersistenceUnitInfo [name: step09_JPAProject]
2020-12-14 00:56:30,852  INFO - HHH000412: Hibernate Core {5.4.2.Final}
2020-12-14 00:56:31,061  INFO - HCANN000001: Hibernate Commons Annotations {5.1.0.Final}
2020-12-14 00:56:31,821  WARN - HHH10001002: Using Hibernate built-in connection pool (not for production use!)
2020-12-14 00:56:31,899  INFO - HHH10001005: using driver [oracle.jdbc.OracleDriver] at URL [jdbc:oracle:thin:@127.0.0.1:1521:xe]
2020-12-14 00:56:31,899  INFO - HHH10001001: Connection properties: {user=SCOTT, password=****}
2020-12-14 00:56:31,899  INFO - HHH10001003: Autocommit mode: false
2020-12-14 00:56:31,899  INFO - HHH000115: Hibernate connection pool size: 20 (min=1)
2020-12-14 00:56:32,790  INFO - HHH000400: Using dialect: org.hibernate.dialect.OracleDialect
2020-12-14 00:56:32,790  WARN - HHH000063: The Oracle9Dialect dialect has been deprecated; use either Oracle9iDialect or Oracle10gDialect instead
2020-12-14 00:56:32,790  WARN - HHH000064: The OracleDialect dialect has been deprecated; use Oracle8iDialect instead
2020-12-14 00:56:33,823  INFO - HHH10001501: Connection obtained from JdbcConnectionAccess [org.hibernate.engine.jdbc.env.internal.JdbcEnvironmentInitiator$ConnectionProviderJdbcConnectionAccess@6e106680] for (non-JTA) DDL execution was not in auto-commit mode; the Connection 'local transaction' will be committed and the Connection will be set into auto-commit mode.
2020-12-14 00:56:33,886  INFO - HHH10001501: Connection obtained from JdbcConnectionAccess [org.hibernate.engine.jdbc.env.internal.JdbcEnvironmentInitiator$ConnectionProviderJdbcConnectionAccess@15bc339] for (non-JTA) DDL execution was not in auto-commit mode; the Connection 'local transaction' will be committed and the Connection will be set into auto-commit mode.
2020-12-14 00:56:33,961  INFO - HHH000490: Using JtaPlatform implementation: [org.hibernate.engine.transaction.jta.platform.internal.NoJtaPlatform]
2020-12-14 00:56:34,217  INFO - 관계자 - 화장품 성분파라벤추가
2020-12-14 00:56:34,217  INFO - 관계자 - 화장품 성분미네랄 오일추가
2020-12-14 00:56:34,217  INFO - 관계자 - 화장품 성분물추가
2020-12-14 00:56:34,217  INFO - 관계자 - 화장품 성분시어버터추가
2020-12-14 00:56:34,217  INFO - 관계자 - 화장품 성분모로칸오일추가
2020-12-14 00:56:34,217  INFO - 관계자 - 판매 상품퓨어 클렌징 오일추가
2020-12-14 00:56:34,217  INFO - 관계자 - 판매 상품데일리보습크림추가
2020-12-14 00:56:34,217  INFO - 관계자 - 판매 상품에센셜 마스크추가
2020-12-14 00:56:34,217  INFO - 관계자 - 판매 상품탱글수분크림추가
2020-12-14 00:56:34,217  INFO - 관계자 - 판매 상품아크네 수딩크림추가
2020-12-14 00:56:34,233  INFO - 관계자 - 판매 상품ATOZ 아토피추가
2020-12-14 00:56:34,233  INFO - 관계자 - 판매 상품올클리어 토너추가
2020-12-14 00:56:34,233  INFO - 관계자 - 판매 상품잡티OUT  세럼추가
2020-12-14 00:56:34,233  INFO - 관계자 - 판매 상품바이오 트리플 앰플추가
2020-12-14 00:56:34,233  INFO - 관계자 - 판매 상품딸기  세럼플러스추가
2020-12-14 00:56:34,445  INFO - 고객 - 성분 확인 :1번
2020-12-14 00:56:34,445  INFO - 고객 - 화장품 1번 조회
2020-12-14 00:56:34,461  INFO - 관계자 - 화장품1성분 추가
2020-12-14 00:56:34,461  INFO - 고객 - 성분 확인 :3번
2020-12-14 00:56:34,461  INFO - 고객 - 화장품 1번 조회
2020-12-14 00:56:34,461  INFO - 관계자 - 화장품1성분 추가
2020-12-14 00:56:34,461  INFO - 고객 - 성분 확인 :1번
2020-12-14 00:56:34,477  INFO - 고객 - 화장품 2번 조회
2020-12-14 00:56:34,477  INFO - 관계자 - 화장품2성분 추가
2020-12-14 00:56:34,477  INFO - 고객 - 성분 확인 :2번
2020-12-14 00:56:34,477  INFO - 고객 - 화장품 2번 조회
2020-12-14 00:56:34,477  INFO - 관계자 - 화장품2성분 추가
2020-12-14 00:56:34,477  INFO - 고객 - 성분 확인 :3번
2020-12-14 00:56:34,477  INFO - 고객 - 화장품 3번 조회
2020-12-14 00:56:34,477  INFO - 관계자 - 화장품3성분 추가
2020-12-14 00:56:34,492  INFO - 고객 - 성분 확인 :1번
2020-12-14 00:56:34,492  INFO - 고객 - 화장품 4번 조회
2020-12-14 00:56:34,492  INFO - 관계자 - 화장품4성분 추가
2020-12-14 00:56:34,492  INFO - 고객 - 성분 확인 :3번
2020-12-14 00:56:34,492  INFO - 고객 - 화장품 4번 조회
2020-12-14 00:56:34,492  INFO - 관계자 - 화장품4성분 추가
2020-12-14 00:56:34,492  INFO - 고객 - 성분 확인 :1번
2020-12-14 00:56:34,492  INFO - 고객 - 화장품 5번 조회
2020-12-14 00:56:34,492  INFO - 관계자 - 화장품5성분 추가
2020-12-14 00:56:34,508  INFO - 고객 - 성분 확인 :2번
2020-12-14 00:56:34,508  INFO - 고객 - 화장품 5번 조회
2020-12-14 00:56:34,508  INFO - 관계자 - 화장품5성분 추가
2020-12-14 00:56:34,508  INFO - 고객 - 성분 확인 :3번
2020-12-14 00:56:34,508  INFO - 고객 - 화장품 5번 조회
2020-12-14 00:56:34,508  INFO - 관계자 - 화장품5성분 추가
2020-12-14 00:56:34,508  INFO - 고객 - 성분 확인 :2번
2020-12-14 00:56:34,508  INFO - 고객 - 화장품 6번 조회
2020-12-14 00:56:34,508  INFO - 관계자 - 화장품6성분 추가
2020-12-14 00:56:34,508  INFO - 고객 - 성분 확인 :3번
2020-12-14 00:56:34,524  INFO - 고객 - 화장품 6번 조회
2020-12-14 00:56:34,524  INFO - 관계자 - 화장품6성분 추가
2020-12-14 00:56:34,539  INFO - 고객 - 성분 확인 :2번
2020-12-14 00:56:34,539  INFO - 고객 - 화장품 7번 조회
2020-12-14 00:56:34,539  INFO - 관계자 - 화장품7성분 추가
2020-12-14 00:56:34,539  INFO - 고객 - 성분 확인 :3번
2020-12-14 00:56:34,555  INFO - 고객 - 화장품 7번 조회
2020-12-14 00:56:34,555  INFO - 관계자 - 화장품7성분 추가
2020-12-14 00:56:34,555  INFO - 고객 - 성분 확인 :3번
2020-12-14 00:56:34,555  INFO - 고객 - 화장품 8번 조회
2020-12-14 00:56:34,555  INFO - 관계자 - 화장품8성분 추가
2020-12-14 00:56:34,555  INFO - 고객 - 성분 확인 :4번
2020-12-14 00:56:34,555  INFO - 고객 - 화장품 8번 조회
2020-12-14 00:56:34,555  INFO - 관계자 - 화장품8성분 추가
2020-12-14 00:56:34,570  INFO - 고객 - 성분 확인 :5번
2020-12-14 00:56:34,570  INFO - 고객 - 화장품 8번 조회
2020-12-14 00:56:34,570  INFO - 관계자 - 화장품8성분 추가
2020-12-14 00:56:34,570  INFO - 고객 - 성분 확인 :1번
2020-12-14 00:56:34,570  INFO - 고객 - 화장품 9번 조회
2020-12-14 00:56:34,570  INFO - 관계자 - 화장품9성분 추가
2020-12-14 00:56:34,570  INFO - 고객 - 성분 확인 :2번
2020-12-14 00:56:34,570  INFO - 고객 - 화장품 9번 조회
2020-12-14 00:56:34,570  INFO - 관계자 - 화장품9성분 추가
2020-12-14 00:56:34,586  INFO - 고객 - 성분 확인 :3번
2020-12-14 00:56:34,586  INFO - 고객 - 화장품 9번 조회
2020-12-14 00:56:34,586  INFO - 관계자 - 화장품9성분 추가
2020-12-14 00:56:34,586  INFO - 고객 - 성분 확인 :4번
2020-12-14 00:56:34,586  INFO - 고객 - 화장품 9번 조회
2020-12-14 00:56:34,586  INFO - 관계자 - 화장품9성분 추가
2020-12-14 00:56:34,586  INFO - 고객 - 성분 확인 :5번
2020-12-14 00:56:34,602  INFO - 고객 - 화장품 9번 조회
2020-12-14 00:56:34,602  INFO - 관계자 - 화장품9성분 추가
2020-12-14 00:56:34,602  INFO - 고객 - 성분 확인 :3번
2020-12-14 00:56:34,602  INFO - 고객 - 화장품 10번 조회
2020-12-14 00:56:34,602  INFO - 관계자 - 화장품10성분 추가
2020-12-14 00:56:34,617  INFO - 고객 - 성분 확인 :4번
2020-12-14 00:56:34,617  INFO - 고객 - 화장품 10번 조회
2020-12-14 00:56:34,617  INFO - 관계자 - 화장품10성분 추가
2020-12-14 00:56:34,617  INFO - 고객 - 성분 확인 :5번
2020-12-14 00:56:34,617  INFO - 고객 - 화장품 10번 조회
2020-12-14 00:56:34,617  INFO - 관계자 - 화장품10성분 추가
2020-12-14 00:56:34,633  INFO - 관계자  - 화장품0번 또는 성분1번 정보 조회
2020-12-14 00:56:34,735  INFO - 고객 - 화장품 성분 조회 :페놀
2020-12-14 00:56:34,736  INFO - 관계자 - 화장품 성분페놀추가
2020-12-14 00:56:34,736  INFO - 관계자  - 화장품0번 또는 성분1번 정보 조회
2020-12-14 00:56:34,752  INFO - 관계자 - 1의 성분1에서6로 변경
2020-12-14 00:56:34,752  INFO - 고객 - 화장품 성분 조회 :파라벤
2020-12-14 00:56:34,752  INFO - 관계자 - 성분1의 위험도 수정:3
2020-12-14 00:56:34,752  INFO - 관계자 - 성분5의 위험도 수정:1
2020-12-14 00:56:34,769  INFO - 관계자 - 성분 3삭제
2020-12-14 00:56:34,784  INFO - 고객 - 전체 화장품 리스트 조회
2020-12-14 00:56:34,784  INFO - 관계자 - 5의 상품명아크네 클리어 수딩 크림 1+1으로 변경
2020-12-14 00:56:34,785  INFO - 관계자 - 5의 상품용량260ml로 변경
2020-12-14 00:56:34,785  INFO - 관계자 - 판매 상품니베아 립밤 민트초코향추가
2020-12-14 00:56:34,850  INFO - 고객 - 성분 확인 :6번
2020-12-14 00:56:34,853  INFO - 고객 - 화장품 11번 조회
2020-12-14 00:56:34,853  INFO - 관계자 - 화장품11성분 추가
2020-12-14 00:56:34,855  INFO - 고객 - 성분 확인 :4번
2020-12-14 00:56:34,858  INFO - 고객 - 화장품 11번 조회
2020-12-14 00:56:34,858  INFO - 관계자 - 화장품11성분 추가
2020-12-14 00:56:34,861  INFO - 고객 - 전체 화장품 리스트 조회
2020-12-14 00:56:34,861  INFO - 고객 - 화장품 위험 성분 조회NO
2020-12-14 00:56:34,861  INFO - 고객 - 화장품퓨어 클렌징 오일검색
2020-12-14 00:56:34,876  INFO - 고객 - 5000미만 가격 조회
2020-12-14 00:56:34,876  INFO - 고객 - 전체 화장품 리스트 조회
2020-12-14 01:01:50,518  INFO - HHH000204: Processing PersistenceUnitInfo [name: step09_JPAProject]
2020-12-14 01:01:50,621  INFO - HHH000412: Hibernate Core {5.4.2.Final}
2020-12-14 01:01:50,823  INFO - HCANN000001: Hibernate Commons Annotations {5.1.0.Final}
2020-12-14 01:01:51,558  WARN - HHH10001002: Using Hibernate built-in connection pool (not for production use!)
2020-12-14 01:01:51,632  INFO - HHH10001005: using driver [oracle.jdbc.OracleDriver] at URL [jdbc:oracle:thin:@127.0.0.1:1521:xe]
2020-12-14 01:01:51,633  INFO - HHH10001001: Connection properties: {user=SCOTT, password=****}
2020-12-14 01:01:51,633  INFO - HHH10001003: Autocommit mode: false
2020-12-14 01:01:51,637  INFO - HHH000115: Hibernate connection pool size: 20 (min=1)
2020-12-14 01:01:52,780  INFO - HHH000400: Using dialect: org.hibernate.dialect.OracleDialect
2020-12-14 01:01:52,788  WARN - HHH000063: The Oracle9Dialect dialect has been deprecated; use either Oracle9iDialect or Oracle10gDialect instead
2020-12-14 01:01:52,789  WARN - HHH000064: The OracleDialect dialect has been deprecated; use Oracle8iDialect instead
2020-12-14 01:01:53,686  INFO - HHH000204: Processing PersistenceUnitInfo [name: step09_JPAProject]
2020-12-14 01:01:53,836  INFO - HHH000412: Hibernate Core {5.4.2.Final}
2020-12-14 01:01:54,257  INFO - HCANN000001: Hibernate Commons Annotations {5.1.0.Final}
2020-12-14 01:01:54,480  INFO - HHH10001501: Connection obtained from JdbcConnectionAccess [org.hibernate.engine.jdbc.env.internal.JdbcEnvironmentInitiator$ConnectionProviderJdbcConnectionAccess@6e106680] for (non-JTA) DDL execution was not in auto-commit mode; the Connection 'local transaction' will be committed and the Connection will be set into auto-commit mode.
2020-12-14 01:01:54,541  INFO - HHH10001501: Connection obtained from JdbcConnectionAccess [org.hibernate.engine.jdbc.env.internal.JdbcEnvironmentInitiator$ConnectionProviderJdbcConnectionAccess@15bc339] for (non-JTA) DDL execution was not in auto-commit mode; the Connection 'local transaction' will be committed and the Connection will be set into auto-commit mode.
2020-12-14 01:01:54,637  INFO - HHH000490: Using JtaPlatform implementation: [org.hibernate.engine.transaction.jta.platform.internal.NoJtaPlatform]
2020-12-14 01:01:54,973  INFO - 관계자 - 화장품 성분파라벤추가
2020-12-14 01:01:54,973  INFO - 관계자 - 화장품 성분미네랄 오일추가
2020-12-14 01:01:54,973  INFO - 관계자 - 화장품 성분물추가
2020-12-14 01:01:54,973  INFO - 관계자 - 화장품 성분시어버터추가
2020-12-14 01:01:54,973  INFO - 관계자 - 화장품 성분모로칸오일추가
2020-12-14 01:01:54,977  INFO - 관계자 - 판매 상품퓨어 클렌징 오일추가
2020-12-14 01:01:54,977  INFO - 관계자 - 판매 상품데일리보습크림추가
2020-12-14 01:01:54,977  INFO - 관계자 - 판매 상품에센셜 마스크추가
2020-12-14 01:01:54,978  INFO - 관계자 - 판매 상품탱글수분크림추가
2020-12-14 01:01:54,978  INFO - 관계자 - 판매 상품아크네 수딩크림추가
2020-12-14 01:01:54,982  INFO - 관계자 - 판매 상품ATOZ 아토피추가
2020-12-14 01:01:54,983  INFO - 관계자 - 판매 상품올클리어 토너추가
2020-12-14 01:01:54,983  INFO - 관계자 - 판매 상품잡티OUT  세럼추가
2020-12-14 01:01:54,984  INFO - 관계자 - 판매 상품바이오 트리플 앰플추가
2020-12-14 01:01:54,984  INFO - 관계자 - 판매 상품딸기  세럼플러스추가
2020-12-14 01:01:55,276  INFO - 고객 - 성분 확인 :1번
2020-12-14 01:01:55,282  INFO - 고객 - 화장품 1번 조회
2020-12-14 01:01:55,285  INFO - 관계자 - 화장품1성분 추가
2020-12-14 01:01:55,288  INFO - 고객 - 성분 확인 :3번
2020-12-14 01:01:55,290  INFO - 고객 - 화장품 1번 조회
2020-12-14 01:01:55,291  INFO - 관계자 - 화장품1성분 추가
2020-12-14 01:01:55,293  INFO - 고객 - 성분 확인 :1번
2020-12-14 01:01:55,296  INFO - 고객 - 화장품 2번 조회
2020-12-14 01:01:55,296  INFO - 관계자 - 화장품2성분 추가
2020-12-14 01:01:55,298  INFO - 고객 - 성분 확인 :2번
2020-12-14 01:01:55,301  INFO - 고객 - 화장품 2번 조회
2020-12-14 01:01:55,301  INFO - 관계자 - 화장품2성분 추가
2020-12-14 01:01:55,304  INFO - 고객 - 성분 확인 :3번
2020-12-14 01:01:55,306  INFO - 고객 - 화장품 3번 조회
2020-12-14 01:01:55,306  INFO - 관계자 - 화장품3성분 추가
2020-12-14 01:01:55,310  INFO - 고객 - 성분 확인 :1번
2020-12-14 01:01:55,318  INFO - 고객 - 화장품 4번 조회
2020-12-14 01:01:55,318  INFO - 관계자 - 화장품4성분 추가
2020-12-14 01:01:55,324  INFO - 고객 - 성분 확인 :3번
2020-12-14 01:01:55,330  INFO - 고객 - 화장품 4번 조회
2020-12-14 01:01:55,332  INFO - 관계자 - 화장품4성분 추가
2020-12-14 01:01:55,351  INFO - 고객 - 성분 확인 :1번
2020-12-14 01:01:55,353  INFO - 고객 - 화장품 5번 조회
2020-12-14 01:01:55,360  INFO - 관계자 - 화장품5성분 추가
2020-12-14 01:01:55,366  INFO - 고객 - 성분 확인 :2번
2020-12-14 01:01:55,380  INFO - 고객 - 화장품 5번 조회
2020-12-14 01:01:55,380  INFO - 관계자 - 화장품5성분 추가
2020-12-14 01:01:55,385  INFO - 고객 - 성분 확인 :3번
2020-12-14 01:01:55,450  INFO - 고객 - 화장품 5번 조회
2020-12-14 01:01:55,452  INFO - 관계자 - 화장품5성분 추가
2020-12-14 01:01:55,454  INFO - 고객 - 성분 확인 :2번
2020-12-14 01:01:55,457  INFO - 고객 - 화장품 6번 조회
2020-12-14 01:01:55,457  INFO - 관계자 - 화장품6성분 추가
2020-12-14 01:01:55,464  INFO - 고객 - 성분 확인 :3번
2020-12-14 01:01:55,466  INFO - 고객 - 화장품 6번 조회
2020-12-14 01:01:55,467  INFO - 관계자 - 화장품6성분 추가
2020-12-14 01:01:55,469  INFO - 고객 - 성분 확인 :2번
2020-12-14 01:01:55,471  INFO - 고객 - 화장품 7번 조회
2020-12-14 01:01:55,471  INFO - 관계자 - 화장품7성분 추가
2020-12-14 01:01:55,473  INFO - 고객 - 성분 확인 :3번
2020-12-14 01:01:55,477  INFO - 고객 - 화장품 7번 조회
2020-12-14 01:01:55,478  INFO - 관계자 - 화장품7성분 추가
2020-12-14 01:01:55,479  INFO - 고객 - 성분 확인 :3번
2020-12-14 01:01:55,481  INFO - 고객 - 화장품 8번 조회
2020-12-14 01:01:55,481  INFO - 관계자 - 화장품8성분 추가
2020-12-14 01:01:55,484  INFO - 고객 - 성분 확인 :4번
2020-12-14 01:01:55,486  INFO - 고객 - 화장품 8번 조회
2020-12-14 01:01:55,486  INFO - 관계자 - 화장품8성분 추가
2020-12-14 01:01:55,489  INFO - 고객 - 성분 확인 :5번
2020-12-14 01:01:55,491  INFO - 고객 - 화장품 8번 조회
2020-12-14 01:01:55,491  INFO - 관계자 - 화장품8성분 추가
2020-12-14 01:01:55,494  INFO - 고객 - 성분 확인 :1번
2020-12-14 01:01:55,497  INFO - 고객 - 화장품 9번 조회
2020-12-14 01:01:55,497  INFO - 관계자 - 화장품9성분 추가
2020-12-14 01:01:55,499  INFO - 고객 - 성분 확인 :2번
2020-12-14 01:01:55,501  INFO - 고객 - 화장품 9번 조회
2020-12-14 01:01:55,501  INFO - 관계자 - 화장품9성분 추가
2020-12-14 01:01:55,503  INFO - 고객 - 성분 확인 :3번
2020-12-14 01:01:55,505  INFO - 고객 - 화장품 9번 조회
2020-12-14 01:01:55,505  INFO - 관계자 - 화장품9성분 추가
2020-12-14 01:01:55,508  INFO - 고객 - 성분 확인 :4번
2020-12-14 01:01:55,512  INFO - 고객 - 화장품 9번 조회
2020-12-14 01:01:55,512  INFO - 관계자 - 화장품9성분 추가
2020-12-14 01:01:55,515  INFO - 고객 - 성분 확인 :5번
2020-12-14 01:01:55,517  INFO - 고객 - 화장품 9번 조회
2020-12-14 01:01:55,517  INFO - 관계자 - 화장품9성분 추가
2020-12-14 01:01:55,519  INFO - 고객 - 성분 확인 :3번
2020-12-14 01:01:55,521  INFO - 고객 - 화장품 10번 조회
2020-12-14 01:01:55,521  INFO - 관계자 - 화장품10성분 추가
2020-12-14 01:01:55,523  INFO - 고객 - 성분 확인 :4번
2020-12-14 01:01:55,525  INFO - 고객 - 화장품 10번 조회
2020-12-14 01:01:55,525  INFO - 관계자 - 화장품10성분 추가
2020-12-14 01:01:55,529  INFO - 고객 - 성분 확인 :5번
2020-12-14 01:01:55,531  INFO - 고객 - 화장품 10번 조회
2020-12-14 01:01:55,532  INFO - 관계자 - 화장품10성분 추가
2020-12-14 01:01:55,537  INFO - 관계자  - 화장품0번 또는 성분1번 정보 조회
2020-12-14 01:01:55,639  INFO - 고객 - 화장품 성분 조회 :페놀
2020-12-14 01:01:55,639  INFO - 관계자 - 화장품 성분페놀추가
2020-12-14 01:01:55,645  INFO - 관계자  - 화장품0번 또는 성분1번 정보 조회
2020-12-14 01:01:55,653  INFO - 관계자 - 1의 성분1에서6로 변경
2020-12-14 01:01:55,660  INFO - 고객 - 화장품 성분 조회 :파라벤
2020-12-14 01:01:55,660  INFO - 관계자 - 성분1의 위험도 수정:3
2020-12-14 01:01:55,660  INFO - 관계자 - 성분5의 위험도 수정:1
2020-12-14 01:01:55,664  INFO - 관계자 - 성분 3삭제
2020-12-14 01:01:55,678  INFO - 고객 - 전체 화장품 리스트 조회
2020-12-14 01:01:55,678  INFO - 관계자 - 5의 상품명아크네 클리어 수딩 크림 1+1으로 변경
2020-12-14 01:01:55,678  INFO - 관계자 - 5의 상품용량260ml로 변경
2020-12-14 01:01:55,679  INFO - 관계자 - 판매 상품니베아 립밤 민트초코향추가
2020-12-14 01:01:55,721  INFO - 고객 - 성분 확인 :6번
2020-12-14 01:01:55,731  INFO - 고객 - 화장품 11번 조회
2020-12-14 01:01:55,731  INFO - 관계자 - 화장품11성분 추가
2020-12-14 01:01:55,736  INFO - 고객 - 성분 확인 :4번
2020-12-14 01:01:55,738  INFO - 고객 - 화장품 11번 조회
2020-12-14 01:01:55,739  INFO - 관계자 - 화장품11성분 추가
2020-12-14 01:01:55,745  INFO - 고객 - 전체 화장품 리스트 조회
2020-12-14 01:01:55,754  INFO - 고객 - 화장품 위험 성분 조회NO
2020-12-14 01:01:55,759  INFO - 고객 - 화장품퓨어 클렌징 오일검색
2020-12-14 01:01:55,765  INFO - 고객 - 5000미만 가격 조회
2020-12-14 01:01:55,767  INFO - 고객 - 전체 화장품 리스트 조회
2020-12-14 01:01:56,035  WARN - HHH10001002: Using Hibernate built-in connection pool (not for production use!)
2020-12-14 01:01:56,136  INFO - HHH10001005: using driver [oracle.jdbc.OracleDriver] at URL [jdbc:oracle:thin:@127.0.0.1:1521:xe]
2020-12-14 01:01:56,137  INFO - HHH10001001: Connection properties: {user=SCOTT, password=****}
2020-12-14 01:01:56,137  INFO - HHH10001003: Autocommit mode: false
2020-12-14 01:01:56,144  INFO - HHH000115: Hibernate connection pool size: 20 (min=1)
2020-12-14 01:01:57,252  INFO - HHH000400: Using dialect: org.hibernate.dialect.OracleDialect
2020-12-14 01:01:57,261  WARN - HHH000063: The Oracle9Dialect dialect has been deprecated; use either Oracle9iDialect or Oracle10gDialect instead
2020-12-14 01:01:57,265  WARN - HHH000064: The OracleDialect dialect has been deprecated; use Oracle8iDialect instead
2020-12-14 01:01:59,214  INFO - HHH10001501: Connection obtained from JdbcConnectionAccess [org.hibernate.engine.jdbc.env.internal.JdbcEnvironmentInitiator$ConnectionProviderJdbcConnectionAccess@6e106680] for (non-JTA) DDL execution was not in auto-commit mode; the Connection 'local transaction' will be committed and the Connection will be set into auto-commit mode.
2020-12-14 01:01:59,285  INFO - HHH10001501: Connection obtained from JdbcConnectionAccess [org.hibernate.engine.jdbc.env.internal.JdbcEnvironmentInitiator$ConnectionProviderJdbcConnectionAccess@15bc339] for (non-JTA) DDL execution was not in auto-commit mode; the Connection 'local transaction' will be committed and the Connection will be set into auto-commit mode.
2020-12-14 01:01:59,452  INFO - HHH000490: Using JtaPlatform implementation: [org.hibernate.engine.transaction.jta.platform.internal.NoJtaPlatform]
2020-12-14 01:01:59,752  INFO - 관계자 - 화장품 성분파라벤추가
2020-12-14 01:01:59,752  INFO - 관계자 - 화장품 성분미네랄 오일추가
2020-12-14 01:01:59,753  INFO - 관계자 - 화장품 성분물추가
2020-12-14 01:01:59,753  INFO - 관계자 - 화장품 성분시어버터추가
2020-12-14 01:01:59,753  INFO - 관계자 - 화장품 성분모로칸오일추가
2020-12-14 01:01:59,756  INFO - 관계자 - 판매 상품퓨어 클렌징 오일추가
2020-12-14 01:01:59,756  INFO - 관계자 - 판매 상품데일리보습크림추가
2020-12-14 01:01:59,756  INFO - 관계자 - 판매 상품에센셜 마스크추가
2020-12-14 01:01:59,756  INFO - 관계자 - 판매 상품탱글수분크림추가
2020-12-14 01:01:59,757  INFO - 관계자 - 판매 상품아크네 수딩크림추가
2020-12-14 01:01:59,760  INFO - 관계자 - 판매 상품ATOZ 아토피추가
2020-12-14 01:01:59,761  INFO - 관계자 - 판매 상품올클리어 토너추가
2020-12-14 01:01:59,761  INFO - 관계자 - 판매 상품잡티OUT  세럼추가
2020-12-14 01:01:59,761  INFO - 관계자 - 판매 상품바이오 트리플 앰플추가
2020-12-14 01:01:59,761  INFO - 관계자 - 판매 상품딸기  세럼플러스추가
2020-12-14 01:01:59,966  INFO - 고객 - 성분 확인 :1번
2020-12-14 01:01:59,972  INFO - 고객 - 화장품 1번 조회
2020-12-14 01:01:59,975  INFO - 관계자 - 화장품1성분 추가
2020-12-14 01:01:59,978  INFO - 고객 - 성분 확인 :3번
2020-12-14 01:01:59,980  INFO - 고객 - 화장품 1번 조회
2020-12-14 01:01:59,981  INFO - 관계자 - 화장품1성분 추가
2020-12-14 01:01:59,984  INFO - 고객 - 성분 확인 :1번
2020-12-14 01:01:59,987  INFO - 고객 - 화장품 2번 조회
2020-12-14 01:01:59,987  INFO - 관계자 - 화장품2성분 추가
2020-12-14 01:01:59,990  INFO - 고객 - 성분 확인 :2번
2020-12-14 01:01:59,992  INFO - 고객 - 화장품 2번 조회
2020-12-14 01:01:59,993  INFO - 관계자 - 화장품2성분 추가
2020-12-14 01:01:59,995  INFO - 고객 - 성분 확인 :3번
2020-12-14 01:01:59,998  INFO - 고객 - 화장품 3번 조회
2020-12-14 01:01:59,998  INFO - 관계자 - 화장품3성분 추가
2020-12-14 01:02:00,001  INFO - 고객 - 성분 확인 :1번
2020-12-14 01:02:00,003  INFO - 고객 - 화장품 4번 조회
2020-12-14 01:02:00,004  INFO - 관계자 - 화장품4성분 추가
2020-12-14 01:02:00,006  INFO - 고객 - 성분 확인 :3번
2020-12-14 01:02:00,008  INFO - 고객 - 화장품 4번 조회
2020-12-14 01:02:00,009  INFO - 관계자 - 화장품4성분 추가
2020-12-14 01:02:00,011  INFO - 고객 - 성분 확인 :1번
2020-12-14 01:02:00,013  INFO - 고객 - 화장품 5번 조회
2020-12-14 01:02:00,014  INFO - 관계자 - 화장품5성분 추가
2020-12-14 01:02:00,017  INFO - 고객 - 성분 확인 :2번
2020-12-14 01:02:00,019  INFO - 고객 - 화장품 5번 조회
2020-12-14 01:02:00,020  INFO - 관계자 - 화장품5성분 추가
2020-12-14 01:02:00,022  INFO - 고객 - 성분 확인 :3번
2020-12-14 01:02:00,024  INFO - 고객 - 화장품 5번 조회
2020-12-14 01:02:00,025  INFO - 관계자 - 화장품5성분 추가
2020-12-14 01:02:00,027  INFO - 고객 - 성분 확인 :2번
2020-12-14 01:02:00,030  INFO - 고객 - 화장품 6번 조회
2020-12-14 01:02:00,031  INFO - 관계자 - 화장품6성분 추가
2020-12-14 01:02:00,036  INFO - 고객 - 성분 확인 :3번
2020-12-14 01:02:00,038  INFO - 고객 - 화장품 6번 조회
2020-12-14 01:02:00,039  INFO - 관계자 - 화장품6성분 추가
2020-12-14 01:02:00,048  INFO - 고객 - 성분 확인 :2번
2020-12-14 01:02:00,050  INFO - 고객 - 화장품 7번 조회
2020-12-14 01:02:00,050  INFO - 관계자 - 화장품7성분 추가
2020-12-14 01:02:00,052  INFO - 고객 - 성분 확인 :3번
2020-12-14 01:02:00,054  INFO - 고객 - 화장품 7번 조회
2020-12-14 01:02:00,055  INFO - 관계자 - 화장품7성분 추가
2020-12-14 01:02:00,057  INFO - 고객 - 성분 확인 :3번
2020-12-14 01:02:00,060  INFO - 고객 - 화장품 8번 조회
2020-12-14 01:02:00,060  INFO - 관계자 - 화장품8성분 추가
2020-12-14 01:02:00,062  INFO - 고객 - 성분 확인 :4번
2020-12-14 01:02:00,064  INFO - 고객 - 화장품 8번 조회
2020-12-14 01:02:00,064  INFO - 관계자 - 화장품8성분 추가
2020-12-14 01:02:00,066  INFO - 고객 - 성분 확인 :5번
2020-12-14 01:02:00,069  INFO - 고객 - 화장품 8번 조회
2020-12-14 01:02:00,070  INFO - 관계자 - 화장품8성분 추가
2020-12-14 01:02:00,073  INFO - 고객 - 성분 확인 :1번
2020-12-14 01:02:00,075  INFO - 고객 - 화장품 9번 조회
2020-12-14 01:02:00,076  INFO - 관계자 - 화장품9성분 추가
2020-12-14 01:02:00,078  INFO - 고객 - 성분 확인 :2번
2020-12-14 01:02:00,080  INFO - 고객 - 화장품 9번 조회
2020-12-14 01:02:00,080  INFO - 관계자 - 화장품9성분 추가
2020-12-14 01:02:00,082  INFO - 고객 - 성분 확인 :3번
2020-12-14 01:02:00,084  INFO - 고객 - 화장품 9번 조회
2020-12-14 01:02:00,085  INFO - 관계자 - 화장품9성분 추가
2020-12-14 01:02:00,087  INFO - 고객 - 성분 확인 :4번
2020-12-14 01:02:00,089  INFO - 고객 - 화장품 9번 조회
2020-12-14 01:02:00,090  INFO - 관계자 - 화장품9성분 추가
2020-12-14 01:02:00,095  INFO - 고객 - 성분 확인 :5번
2020-12-14 01:02:00,097  INFO - 고객 - 화장품 9번 조회
2020-12-14 01:02:00,098  INFO - 관계자 - 화장품9성분 추가
2020-12-14 01:02:00,100  INFO - 고객 - 성분 확인 :3번
2020-12-14 01:02:00,102  INFO - 고객 - 화장품 10번 조회
2020-12-14 01:02:00,103  INFO - 관계자 - 화장품10성분 추가
2020-12-14 01:02:00,105  INFO - 고객 - 성분 확인 :4번
2020-12-14 01:02:00,108  INFO - 고객 - 화장품 10번 조회
2020-12-14 01:02:00,108  INFO - 관계자 - 화장품10성분 추가
2020-12-14 01:02:00,119  INFO - 고객 - 성분 확인 :5번
2020-12-14 01:02:00,121  INFO - 고객 - 화장품 10번 조회
2020-12-14 01:02:00,121  INFO - 관계자 - 화장품10성분 추가
2020-12-14 01:02:00,128  INFO - 관계자  - 화장품0번 또는 성분1번 정보 조회
2020-12-14 01:02:00,224  INFO - 고객 - 화장품 성분 조회 :페놀
2020-12-14 01:02:00,225  INFO - 관계자 - 화장품 성분페놀추가
2020-12-14 01:02:00,232  INFO - 관계자  - 화장품0번 또는 성분1번 정보 조회
2020-12-14 01:02:00,243  INFO - 관계자 - 1의 성분1에서6로 변경
2020-12-14 01:02:00,253  INFO - 고객 - 화장품 성분 조회 :파라벤
2020-12-14 01:02:00,254  INFO - 관계자 - 성분1의 위험도 수정:3
2020-12-14 01:02:00,254  INFO - 관계자 - 성분5의 위험도 수정:1
2020-12-14 01:02:00,262  INFO - 관계자 - 성분 3삭제
2020-12-14 01:02:00,276  INFO - 고객 - 전체 화장품 리스트 조회
2020-12-14 01:02:00,277  INFO - 관계자 - 5의 상품명아크네 클리어 수딩 크림 1+1으로 변경
2020-12-14 01:02:00,277  INFO - 관계자 - 5의 상품용량260ml로 변경
2020-12-14 01:02:00,277  INFO - 관계자 - 판매 상품니베아 립밤 민트초코향추가
2020-12-14 01:02:00,324  INFO - 고객 - 성분 확인 :6번
2020-12-14 01:02:00,327  INFO - 고객 - 화장품 11번 조회
2020-12-14 01:02:00,327  INFO - 관계자 - 화장품11성분 추가
2020-12-14 01:02:00,329  INFO - 고객 - 성분 확인 :4번
2020-12-14 01:02:00,331  INFO - 고객 - 화장품 11번 조회
2020-12-14 01:02:00,339  INFO - 관계자 - 화장품11성분 추가
2020-12-14 01:02:00,343  INFO - 고객 - 전체 화장품 리스트 조회
2020-12-14 01:02:00,352  INFO - 고객 - 화장품 위험 성분 조회NO
2020-12-14 01:02:00,358  INFO - 고객 - 화장품퓨어 클렌징 오일검색
2020-12-14 01:02:00,364  INFO - 고객 - 5000미만 가격 조회
2020-12-14 01:02:00,368  INFO - 고객 - 전체 화장품 리스트 조회
